  Application.cpp
  DeviceManager.cpp
  SampleController.cpp
  SampleManager.cpp
  ConvexRenderMesh.cpp
  CustomRenderMesh.cpp
  ClothRenderMesh.cpp
  Mesh.cpp
  PrimitiveRenderMesh.cpp
  Renderable.cpp
  Renderer.cpp
  RendererHBAO.cpp
  RendererShadow.cpp
  RenderMaterial.cpp
  ResourceManager.cpp
  SkinnedRenderMesh.cpp
  SceneController.cpp
  Scene.cpp
  SimpleScene.cpp
  WindScene.cpp
  TetherScene.cpp
  FrictionScene.cpp
  FreeFallScene.cpp
  SphereScene.cpp
  StiffnessPerConstraintScene.cpp
  GeodesicScene.cpp
  LocalGlobalScene.cpp
  DistanceConstraintScene.cpp
  InterCollisionScene.cpp
  SelfCollisionScene.cpp
  TriangleScene.cpp
  ConvexCollisionScene.cpp
  PlaneCollisionScene.cpp
  CapsuleScene.cpp
  CCDScene.cpp
  CCDScene2.cpp
  MultiSolverScene.cpp
  ScaledScene.cpp
  TimeStepScene.cpp
  VirtualParticleScene.cpp
  TeleportScene.cpp
  CommonUIController.cpp
  imgui_impl_dx11.cpp
  SampleProfiler.cpp
  Utils.cpp
  ClothMeshGenerator.cpp
  CallbackImplementations.cpp
  JobManager.cpp
  DebugLineRenderBuffer.cpp
  MeshGenerator.cpp
  DataStream.cpp
  Main.cpp
  imgui.cpp
  imgui_demo.cpp
  imgui_draw.cpp
LINK : fatal error LNK1104: cannot open file '..\..\lib\vc14win64-cmake\NvClothDEBUG_x64.lib'
