  Building Custom Rule C:/Users/Julie/Documents/GitHub/NvCloth/PxShared/src/compiler/cmake/windows/CMakeLists.txt
  CMake does not need to re-run because C:\Users\Julie\Documents\GitHub\NvCloth\NvCloth\compiler\vc14win64-cmake\pxshared_bin\CMakeFiles\generate.stamp is up-to-date.
  PsAllocator.cpp
  PsAssert.cpp
  PsFoundation.cpp
  PsMathUtils.cpp
  PsString.cpp
  PsTempAllocator.cpp
  PsUtilities.cpp
  PsWindowsAtomic.cpp
  PsWindowsCpu.cpp
  PsWindowsFPU.cpp
  PsWindowsMutex.cpp
  PsWindowsPrintString.cpp
  PsWindowsSList.cpp
  PsWindowsSocket.cpp
  PsWindowsSync.cpp
  PsWindowsThread.cpp
  PsWindowsTime.cpp
  Generating Code...
  PxFoundation.vcxproj -> C:\Users\Julie\Documents\GitHub\NvCloth\NvCloth\bin\vc14win64-cmake\PxFoundationDEBUG_x64.dll
